2019-07-26 00:20:54,523 [Worker-2: Loading available Gradle versions] INFO  o.e.b.c.i.u.g.PublishedGradleVersions - Gradle version information cache is out-of-date. Trying to update.
2019-07-26 01:56:03,825 [ModalContext] INFO  o.e.m.c.i.e.AbstractTransferListenerAdapter - Downloading https://repo.maven.apache.org/maven2/org/apache/maven/archetypes/maven-archetype-quickstart/1.1/maven-archetype-quickstart-1.1.jar
2019-07-26 01:56:03,941 [ModalContext] INFO  o.e.m.c.i.e.AbstractTransferListenerAdapter - Downloaded https://repo.maven.apache.org/maven2/org/apache/maven/archetypes/maven-archetype-quickstart/1.1/maven-archetype-quickstart-1.1.jar
2019-07-26 01:56:04,010 [ModalContext] INFO  o.e.m.c.i.e.AbstractTransferListenerAdapter - Downloading https://repo.maven.apache.org/maven2/org/apache/maven/archetypes/maven-archetype-quickstart/1.1/maven-archetype-quickstart-1.1.pom
2019-07-26 01:56:04,064 [ModalContext] INFO  o.e.m.c.i.e.AbstractTransferListenerAdapter - Downloaded https://repo.maven.apache.org/maven2/org/apache/maven/archetypes/maven-archetype-quickstart/1.1/maven-archetype-quickstart-1.1.pom
2019-07-26 01:58:25,754 [Worker-26: Creating maven-archetype-quickstart] INFO  o.e.m.c.i.p.ProjectConfigurationManager - Collecting project info '/pom.xml' C:\Users\OML00\Documents\vert.x\firstmaven\pom.xml
2019-07-26 01:58:38,963 [Worker-26: Creating maven-archetype-quickstart] INFO  o.e.m.c.i.l.LifecycleMappingFactory - Using org.eclipse.m2e.jdt.JarLifecycleMapping lifecycle mapping for MavenProject: VertxClass:firstmaven:0.0.1-SNAPSHOT @ C:\Users\OML00\Documents\vert.x\firstmaven\pom.xml.
2019-07-26 01:58:44,323 [Worker-26: Creating maven-archetype-quickstart] INFO  o.e.m.j.i.AbstractJavaProjectConfigurator - Adding source folder /firstmaven/src/main/java
2019-07-26 01:58:44,343 [Worker-26: Creating maven-archetype-quickstart] INFO  o.e.m.j.i.AbstractJavaProjectConfigurator - Adding source folder /firstmaven/src/test/java
2019-07-26 01:58:48,205 [Worker-26: Creating maven-archetype-quickstart] INFO  n.t.m.s.i.ProjectSettingsConfigurator - Could not set eclipse settings, consider org.apache.maven.plugins:maven-eclipse-plugin!
2019-07-26 01:58:48,265 [Worker-26: Creating maven-archetype-quickstart] INFO  o.e.m.c.i.p.ProjectConfigurationManager - Imported and configured 1 project(s) in 22 sec
2019-07-26 01:58:51,008 [Worker-29: Building workspace] INFO  o.e.m.c.i.embedder.EclipseLogger - Using 'UTF-8' encoding to copy filtered resources.
2019-07-26 01:58:51,008 [Worker-29: Building workspace] INFO  o.e.m.c.i.embedder.EclipseLogger - skip non existing resourceDirectory C:\Users\OML00\Documents\vert.x\firstmaven\src\main\resources
2019-07-26 01:58:51,024 [Worker-29: Building workspace] INFO  o.e.m.c.i.embedder.EclipseLogger - Using 'UTF-8' encoding to copy filtered resources.
2019-07-26 01:58:51,024 [Worker-29: Building workspace] INFO  o.e.m.c.i.embedder.EclipseLogger - skip non existing resourceDirectory C:\Users\OML00\Documents\vert.x\firstmaven\src\test\resources
2019-07-26 17:14:21,003 [Worker-43: Building workspace] INFO  o.e.m.c.i.embedder.EclipseLogger - Using 'UTF-8' encoding to copy filtered resources.
2019-07-26 17:14:21,003 [Worker-43: Building workspace] INFO  o.e.m.c.i.embedder.EclipseLogger - skip non existing resourceDirectory C:\Users\OML00\Documents\vert.x\firstmaven\src\main\resources
2019-07-26 17:14:21,007 [Worker-43: Building workspace] INFO  o.e.m.c.i.embedder.EclipseLogger - Using 'UTF-8' encoding to copy filtered resources.
2019-07-26 17:14:21,007 [Worker-43: Building workspace] INFO  o.e.m.c.i.embedder.EclipseLogger - skip non existing resourceDirectory C:\Users\OML00\Documents\vert.x\firstmaven\src\test\resources
2019-07-26 17:21:24,133 [Worker-41: Building workspace] INFO  o.e.m.c.i.l.LifecycleMappingFactory - Using org.eclipse.m2e.jdt.JarLifecycleMapping lifecycle mapping for MavenProject: VertxClass:firstmaven:0.0.1-SNAPSHOT @ C:\Users\OML00\Documents\vert.x\firstmaven\pom.xml.
2019-07-26 17:21:24,963 [Worker-41: Building workspace] INFO  o.e.m.c.i.embedder.EclipseLogger - Using 'UTF-8' encoding to copy filtered resources.
2019-07-26 17:21:24,979 [Worker-41: Building workspace] INFO  o.e.m.c.i.embedder.EclipseLogger - skip non existing resourceDirectory C:\Users\OML00\Documents\vert.x\firstmaven\src\main\resources
2019-07-26 17:21:24,997 [Worker-41: Building workspace] INFO  o.e.m.c.i.embedder.EclipseLogger - Using 'UTF-8' encoding to copy filtered resources.
2019-07-26 17:21:24,997 [Worker-41: Building workspace] INFO  o.e.m.c.i.embedder.EclipseLogger - skip non existing resourceDirectory C:\Users\OML00\Documents\vert.x\firstmaven\src\test\resources
2019-07-26 17:23:02,670 [Worker-49: Updating Maven Project] INFO  o.e.m.c.i.p.ProjectConfigurationManager - Update started
2019-07-26 17:23:03,155 [Worker-49: Updating Maven Project] INFO  o.e.m.c.i.l.LifecycleMappingFactory - Using org.eclipse.m2e.jdt.JarLifecycleMapping lifecycle mapping for MavenProject: VertxClass:firstmaven:0.0.1-SNAPSHOT @ C:\Users\OML00\Documents\vert.x\firstmaven\pom.xml.
2019-07-26 17:23:03,331 [Worker-49: Updating Maven Project] INFO  o.e.m.j.i.AbstractJavaProjectConfigurator - Adding source folder /firstmaven/src/main/java
2019-07-26 17:23:03,332 [Worker-49: Updating Maven Project] INFO  o.e.m.j.i.AbstractJavaProjectConfigurator - Adding source folder /firstmaven/src/test/java
2019-07-26 17:23:03,576 [Worker-49: Updating Maven Project] INFO  n.t.m.s.i.ProjectSettingsConfigurator - Could not set eclipse settings, consider org.apache.maven.plugins:maven-eclipse-plugin!
2019-07-26 17:23:04,123 [Worker-49: Updating Maven Project] INFO  o.e.m.c.i.p.ProjectConfigurationManager - Update completed: 1 sec
2019-07-26 17:23:04,534 [Worker-50: Building workspace] INFO  o.e.m.c.i.embedder.EclipseLogger - Using 'UTF-8' encoding to copy filtered resources.
2019-07-26 17:23:04,550 [Worker-50: Building workspace] INFO  o.e.m.c.i.embedder.EclipseLogger - skip non existing resourceDirectory C:\Users\OML00\Documents\vert.x\firstmaven\src\main\resources
2019-07-26 17:23:04,550 [Worker-50: Building workspace] INFO  o.e.m.c.i.embedder.EclipseLogger - Using 'UTF-8' encoding to copy filtered resources.
2019-07-26 17:23:04,550 [Worker-50: Building workspace] INFO  o.e.m.c.i.embedder.EclipseLogger - skip non existing resourceDirectory C:\Users\OML00\Documents\vert.x\firstmaven\src\test\resources
2019-07-26 18:37:47,901 [Worker-55: Building workspace] INFO  o.e.m.c.i.l.LifecycleMappingFactory - Using org.eclipse.m2e.jdt.JarLifecycleMapping lifecycle mapping for MavenProject: VertxClass:firstmaven:0.0.1-SNAPSHOT @ C:\Users\OML00\Documents\vert.x\firstmaven\pom.xml.
2019-07-26 18:37:48,400 [Worker-55: Building workspace] INFO  o.e.m.c.i.e.AbstractTransferListenerAdapter - Downloading https://repo.maven.apache.org/maven2/io/vertx/vertx-core/3.5.1/vertx-core-3.5.1.pom
2019-07-26 18:37:48,495 [Worker-55: Building workspace] INFO  o.e.m.c.i.e.AbstractTransferListenerAdapter - Downloaded https://repo.maven.apache.org/maven2/io/vertx/vertx-core/3.5.1/vertx-core-3.5.1.pom
2019-07-26 18:37:48,570 [Worker-55: Building workspace] INFO  o.e.m.c.i.e.AbstractTransferListenerAdapter - Downloading https://repo.maven.apache.org/maven2/io/vertx/vertx-parent/12/vertx-parent-12.pom
2019-07-26 18:37:48,690 [Worker-55: Building workspace] INFO  o.e.m.c.i.e.AbstractTransferListenerAdapter - Downloaded https://repo.maven.apache.org/maven2/io/vertx/vertx-parent/12/vertx-parent-12.pom
2019-07-26 18:37:48,811 [Worker-55: Building workspace] INFO  o.e.m.c.i.e.AbstractTransferListenerAdapter - Downloading https://repo.maven.apache.org/maven2/io/vertx/vertx-dependencies/3.5.1/vertx-dependencies-3.5.1.pom
2019-07-26 18:37:48,890 [Worker-55: Building workspace] INFO  o.e.m.c.i.e.AbstractTransferListenerAdapter - Downloaded https://repo.maven.apache.org/maven2/io/vertx/vertx-dependencies/3.5.1/vertx-dependencies-3.5.1.pom
2019-07-26 18:37:48,959 [Worker-55: Building workspace] INFO  o.e.m.c.i.e.AbstractTransferListenerAdapter - Downloading https://repo.maven.apache.org/maven2/io/netty/netty-common/4.1.19.Final/netty-common-4.1.19.Final.pom
2019-07-26 18:37:49,020 [Worker-55: Building workspace] INFO  o.e.m.c.i.e.AbstractTransferListenerAdapter - Downloaded https://repo.maven.apache.org/maven2/io/netty/netty-common/4.1.19.Final/netty-common-4.1.19.Final.pom
2019-07-26 18:37:49,101 [Worker-55: Building workspace] INFO  o.e.m.c.i.e.AbstractTransferListenerAdapter - Downloading https://repo.maven.apache.org/maven2/io/netty/netty-parent/4.1.19.Final/netty-parent-4.1.19.Final.pom
2019-07-26 18:37:49,179 [Worker-55: Building workspace] INFO  o.e.m.c.i.e.AbstractTransferListenerAdapter - Downloaded https://repo.maven.apache.org/maven2/io/netty/netty-parent/4.1.19.Final/netty-parent-4.1.19.Final.pom
2019-07-26 18:37:49,317 [Worker-55: Building workspace] INFO  o.e.m.c.i.e.AbstractTransferListenerAdapter - Downloading https://repo.maven.apache.org/maven2/io/netty/netty-buffer/4.1.19.Final/netty-buffer-4.1.19.Final.pom
2019-07-26 18:37:49,386 [Worker-55: Building workspace] INFO  o.e.m.c.i.e.AbstractTransferListenerAdapter - Downloaded https://repo.maven.apache.org/maven2/io/netty/netty-buffer/4.1.19.Final/netty-buffer-4.1.19.Final.pom
2019-07-26 18:37:49,497 [Worker-55: Building workspace] INFO  o.e.m.c.i.e.AbstractTransferListenerAdapter - Downloading https://repo.maven.apache.org/maven2/io/netty/netty-transport/4.1.19.Final/netty-transport-4.1.19.Final.pom
2019-07-26 18:37:49,559 [Worker-55: Building workspace] INFO  o.e.m.c.i.e.AbstractTransferListenerAdapter - Downloaded https://repo.maven.apache.org/maven2/io/netty/netty-transport/4.1.19.Final/netty-transport-4.1.19.Final.pom
2019-07-26 18:37:49,615 [Worker-55: Building workspace] INFO  o.e.m.c.i.e.AbstractTransferListenerAdapter - Downloading https://repo.maven.apache.org/maven2/io/netty/netty-resolver/4.1.19.Final/netty-resolver-4.1.19.Final.pom
2019-07-26 18:37:49,665 [Worker-55: Building workspace] INFO  o.e.m.c.i.e.AbstractTransferListenerAdapter - Downloaded https://repo.maven.apache.org/maven2/io/netty/netty-resolver/4.1.19.Final/netty-resolver-4.1.19.Final.pom
2019-07-26 18:37:49,719 [Worker-55: Building workspace] INFO  o.e.m.c.i.e.AbstractTransferListenerAdapter - Downloading https://repo.maven.apache.org/maven2/io/netty/netty-handler/4.1.19.Final/netty-handler-4.1.19.Final.pom
2019-07-26 18:37:49,786 [Worker-55: Building workspace] INFO  o.e.m.c.i.e.AbstractTransferListenerAdapter - Downloaded https://repo.maven.apache.org/maven2/io/netty/netty-handler/4.1.19.Final/netty-handler-4.1.19.Final.pom
2019-07-26 18:37:49,841 [Worker-55: Building workspace] INFO  o.e.m.c.i.e.AbstractTransferListenerAdapter - Downloading https://repo.maven.apache.org/maven2/io/netty/netty-codec/4.1.19.Final/netty-codec-4.1.19.Final.pom
2019-07-26 18:37:49,892 [Worker-55: Building workspace] INFO  o.e.m.c.i.e.AbstractTransferListenerAdapter - Downloaded https://repo.maven.apache.org/maven2/io/netty/netty-codec/4.1.19.Final/netty-codec-4.1.19.Final.pom
2019-07-26 18:37:49,944 [Worker-55: Building workspace] INFO  o.e.m.c.i.e.AbstractTransferListenerAdapter - Downloading https://repo.maven.apache.org/maven2/io/netty/netty-handler-proxy/4.1.19.Final/netty-handler-proxy-4.1.19.Final.pom
2019-07-26 18:37:50,005 [Worker-55: Building workspace] INFO  o.e.m.c.i.e.AbstractTransferListenerAdapter - Downloaded https://repo.maven.apache.org/maven2/io/netty/netty-handler-proxy/4.1.19.Final/netty-handler-proxy-4.1.19.Final.pom
2019-07-26 18:37:50,060 [Worker-55: Building workspace] INFO  o.e.m.c.i.e.AbstractTransferListenerAdapter - Downloading https://repo.maven.apache.org/maven2/io/netty/netty-codec-socks/4.1.19.Final/netty-codec-socks-4.1.19.Final.pom
2019-07-26 18:37:50,107 [Worker-55: Building workspace] INFO  o.e.m.c.i.e.AbstractTransferListenerAdapter - Downloaded https://repo.maven.apache.org/maven2/io/netty/netty-codec-socks/4.1.19.Final/netty-codec-socks-4.1.19.Final.pom
2019-07-26 18:37:50,160 [Worker-55: Building workspace] INFO  o.e.m.c.i.e.AbstractTransferListenerAdapter - Downloading https://repo.maven.apache.org/maven2/io/netty/netty-codec-http/4.1.19.Final/netty-codec-http-4.1.19.Final.pom
2019-07-26 18:37:50,231 [Worker-55: Building workspace] INFO  o.e.m.c.i.e.AbstractTransferListenerAdapter - Downloaded https://repo.maven.apache.org/maven2/io/netty/netty-codec-http/4.1.19.Final/netty-codec-http-4.1.19.Final.pom
2019-07-26 18:37:50,282 [Worker-55: Building workspace] INFO  o.e.m.c.i.e.AbstractTransferListenerAdapter - Downloading https://repo.maven.apache.org/maven2/io/netty/netty-codec-http2/4.1.19.Final/netty-codec-http2-4.1.19.Final.pom
2019-07-26 18:37:50,342 [Worker-55: Building workspace] INFO  o.e.m.c.i.e.AbstractTransferListenerAdapter - Downloaded https://repo.maven.apache.org/maven2/io/netty/netty-codec-http2/4.1.19.Final/netty-codec-http2-4.1.19.Final.pom
2019-07-26 18:37:50,397 [Worker-55: Building workspace] INFO  o.e.m.c.i.e.AbstractTransferListenerAdapter - Downloading https://repo.maven.apache.org/maven2/io/netty/netty-resolver-dns/4.1.19.Final/netty-resolver-dns-4.1.19.Final.pom
2019-07-26 18:37:50,473 [Worker-55: Building workspace] INFO  o.e.m.c.i.e.AbstractTransferListenerAdapter - Downloaded https://repo.maven.apache.org/maven2/io/netty/netty-resolver-dns/4.1.19.Final/netty-resolver-dns-4.1.19.Final.pom
2019-07-26 18:37:50,526 [Worker-55: Building workspace] INFO  o.e.m.c.i.e.AbstractTransferListenerAdapter - Downloading https://repo.maven.apache.org/maven2/io/netty/netty-codec-dns/4.1.19.Final/netty-codec-dns-4.1.19.Final.pom
2019-07-26 18:37:50,672 [Worker-55: Building workspace] INFO  o.e.m.c.i.e.AbstractTransferListenerAdapter - Downloaded https://repo.maven.apache.org/maven2/io/netty/netty-codec-dns/4.1.19.Final/netty-codec-dns-4.1.19.Final.pom
2019-07-26 18:37:50,739 [Worker-55: Building workspace] INFO  o.e.m.c.i.e.AbstractTransferListenerAdapter - Downloading https://repo.maven.apache.org/maven2/com/fasterxml/jackson/core/jackson-core/2.9.3/jackson-core-2.9.3.pom
2019-07-26 18:37:50,794 [Worker-55: Building workspace] INFO  o.e.m.c.i.e.AbstractTransferListenerAdapter - Downloaded https://repo.maven.apache.org/maven2/com/fasterxml/jackson/core/jackson-core/2.9.3/jackson-core-2.9.3.pom
2019-07-26 18:37:50,865 [Worker-55: Building workspace] INFO  o.e.m.c.i.e.AbstractTransferListenerAdapter - Downloading https://repo.maven.apache.org/maven2/com/fasterxml/jackson/jackson-base/2.9.3/jackson-base-2.9.3.pom
2019-07-26 18:37:50,917 [Worker-55: Building workspace] INFO  o.e.m.c.i.e.AbstractTransferListenerAdapter - Downloaded https://repo.maven.apache.org/maven2/com/fasterxml/jackson/jackson-base/2.9.3/jackson-base-2.9.3.pom
2019-07-26 18:37:50,976 [Worker-55: Building workspace] INFO  o.e.m.c.i.e.AbstractTransferListenerAdapter - Downloading https://repo.maven.apache.org/maven2/com/fasterxml/jackson/jackson-bom/2.9.3/jackson-bom-2.9.3.pom
2019-07-26 18:37:51,036 [Worker-55: Building workspace] INFO  o.e.m.c.i.e.AbstractTransferListenerAdapter - Downloaded https://repo.maven.apache.org/maven2/com/fasterxml/jackson/jackson-bom/2.9.3/jackson-bom-2.9.3.pom
2019-07-26 18:37:51,182 [Worker-55: Building workspace] INFO  o.e.m.c.i.e.AbstractTransferListenerAdapter - Downloading https://repo.maven.apache.org/maven2/com/fasterxml/jackson/core/jackson-databind/2.9.3/jackson-databind-2.9.3.pom
2019-07-26 18:37:51,230 [Worker-55: Building workspace] INFO  o.e.m.c.i.e.AbstractTransferListenerAdapter - Downloaded https://repo.maven.apache.org/maven2/com/fasterxml/jackson/core/jackson-databind/2.9.3/jackson-databind-2.9.3.pom
2019-07-26 18:37:51,707 [Worker-55: Building workspace] INFO  o.e.m.c.i.e.AbstractTransferListenerAdapter - Downloading https://repo.maven.apache.org/maven2/io/vertx/vertx-core/3.5.1/vertx-core-3.5.1.jar
2019-07-26 18:37:52,178 [Worker-55: Building workspace] INFO  o.e.m.c.i.e.AbstractTransferListenerAdapter - Downloaded https://repo.maven.apache.org/maven2/io/vertx/vertx-core/3.5.1/vertx-core-3.5.1.jar
2019-07-26 18:37:52,213 [Worker-55: Building workspace] INFO  o.e.m.c.i.e.AbstractTransferListenerAdapter - Downloading https://repo.maven.apache.org/maven2/io/netty/netty-common/4.1.19.Final/netty-common-4.1.19.Final.jar
2019-07-26 18:37:52,488 [Worker-55: Building workspace] INFO  o.e.m.c.i.e.AbstractTransferListenerAdapter - Downloaded https://repo.maven.apache.org/maven2/io/netty/netty-common/4.1.19.Final/netty-common-4.1.19.Final.jar
2019-07-26 18:37:52,518 [Worker-55: Building workspace] INFO  o.e.m.c.i.e.AbstractTransferListenerAdapter - Downloading https://repo.maven.apache.org/maven2/io/netty/netty-buffer/4.1.19.Final/netty-buffer-4.1.19.Final.jar
2019-07-26 18:37:53,370 [Worker-55: Building workspace] INFO  o.e.m.c.i.e.AbstractTransferListenerAdapter - Downloaded https://repo.maven.apache.org/maven2/io/netty/netty-buffer/4.1.19.Final/netty-buffer-4.1.19.Final.jar
2019-07-26 18:37:53,400 [Worker-55: Building workspace] INFO  o.e.m.c.i.e.AbstractTransferListenerAdapter - Downloading https://repo.maven.apache.org/maven2/io/netty/netty-transport/4.1.19.Final/netty-transport-4.1.19.Final.jar
2019-07-26 18:37:53,727 [Worker-55: Building workspace] INFO  o.e.m.c.i.e.AbstractTransferListenerAdapter - Downloaded https://repo.maven.apache.org/maven2/io/netty/netty-transport/4.1.19.Final/netty-transport-4.1.19.Final.jar
2019-07-26 18:37:53,767 [Worker-55: Building workspace] INFO  o.e.m.c.i.e.AbstractTransferListenerAdapter - Downloading https://repo.maven.apache.org/maven2/io/netty/netty-handler/4.1.19.Final/netty-handler-4.1.19.Final.jar
2019-07-26 18:37:55,028 [Worker-55: Building workspace] INFO  o.e.m.c.i.e.AbstractTransferListenerAdapter - Downloaded https://repo.maven.apache.org/maven2/io/netty/netty-handler/4.1.19.Final/netty-handler-4.1.19.Final.jar
2019-07-26 18:37:55,060 [Worker-55: Building workspace] INFO  o.e.m.c.i.e.AbstractTransferListenerAdapter - Downloading https://repo.maven.apache.org/maven2/io/netty/netty-codec/4.1.19.Final/netty-codec-4.1.19.Final.jar
2019-07-26 18:37:55,752 [Worker-55: Building workspace] INFO  o.e.m.c.i.e.AbstractTransferListenerAdapter - Downloaded https://repo.maven.apache.org/maven2/io/netty/netty-codec/4.1.19.Final/netty-codec-4.1.19.Final.jar
2019-07-26 18:37:55,801 [Worker-55: Building workspace] INFO  o.e.m.c.i.e.AbstractTransferListenerAdapter - Downloading https://repo.maven.apache.org/maven2/io/netty/netty-handler-proxy/4.1.19.Final/netty-handler-proxy-4.1.19.Final.jar
2019-07-26 18:37:55,985 [Worker-55: Building workspace] INFO  o.e.m.c.i.e.AbstractTransferListenerAdapter - Downloaded https://repo.maven.apache.org/maven2/io/netty/netty-handler-proxy/4.1.19.Final/netty-handler-proxy-4.1.19.Final.jar
2019-07-26 18:37:56,014 [Worker-55: Building workspace] INFO  o.e.m.c.i.e.AbstractTransferListenerAdapter - Downloading https://repo.maven.apache.org/maven2/io/netty/netty-codec-socks/4.1.19.Final/netty-codec-socks-4.1.19.Final.jar
2019-07-26 18:37:56,383 [Worker-55: Building workspace] INFO  o.e.m.c.i.e.AbstractTransferListenerAdapter - Downloaded https://repo.maven.apache.org/maven2/io/netty/netty-codec-socks/4.1.19.Final/netty-codec-socks-4.1.19.Final.jar
2019-07-26 18:37:56,417 [Worker-55: Building workspace] INFO  o.e.m.c.i.e.AbstractTransferListenerAdapter - Downloading https://repo.maven.apache.org/maven2/io/netty/netty-codec-http/4.1.19.Final/netty-codec-http-4.1.19.Final.jar
2019-07-26 18:37:56,799 [Worker-55: Building workspace] INFO  o.e.m.c.i.e.AbstractTransferListenerAdapter - Downloaded https://repo.maven.apache.org/maven2/io/netty/netty-codec-http/4.1.19.Final/netty-codec-http-4.1.19.Final.jar
2019-07-26 18:37:56,831 [Worker-55: Building workspace] INFO  o.e.m.c.i.e.AbstractTransferListenerAdapter - Downloading https://repo.maven.apache.org/maven2/io/netty/netty-codec-http2/4.1.19.Final/netty-codec-http2-4.1.19.Final.jar
2019-07-26 18:37:57,841 [Worker-55: Building workspace] INFO  o.e.m.c.i.e.AbstractTransferListenerAdapter - Downloaded https://repo.maven.apache.org/maven2/io/netty/netty-codec-http2/4.1.19.Final/netty-codec-http2-4.1.19.Final.jar
2019-07-26 18:37:57,895 [Worker-55: Building workspace] INFO  o.e.m.c.i.e.AbstractTransferListenerAdapter - Downloading https://repo.maven.apache.org/maven2/io/netty/netty-resolver/4.1.19.Final/netty-resolver-4.1.19.Final.jar
2019-07-26 18:37:58,163 [Worker-55: Building workspace] INFO  o.e.m.c.i.e.AbstractTransferListenerAdapter - Downloaded https://repo.maven.apache.org/maven2/io/netty/netty-resolver/4.1.19.Final/netty-resolver-4.1.19.Final.jar
2019-07-26 18:37:58,208 [Worker-55: Building workspace] INFO  o.e.m.c.i.e.AbstractTransferListenerAdapter - Downloading https://repo.maven.apache.org/maven2/io/netty/netty-resolver-dns/4.1.19.Final/netty-resolver-dns-4.1.19.Final.jar
2019-07-26 18:37:58,510 [Worker-55: Building workspace] INFO  o.e.m.c.i.e.AbstractTransferListenerAdapter - Downloaded https://repo.maven.apache.org/maven2/io/netty/netty-resolver-dns/4.1.19.Final/netty-resolver-dns-4.1.19.Final.jar
2019-07-26 18:37:58,538 [Worker-55: Building workspace] INFO  o.e.m.c.i.e.AbstractTransferListenerAdapter - Downloading https://repo.maven.apache.org/maven2/io/netty/netty-codec-dns/4.1.19.Final/netty-codec-dns-4.1.19.Final.jar
2019-07-26 18:37:58,721 [Worker-55: Building workspace] INFO  o.e.m.c.i.e.AbstractTransferListenerAdapter - Downloaded https://repo.maven.apache.org/maven2/io/netty/netty-codec-dns/4.1.19.Final/netty-codec-dns-4.1.19.Final.jar
2019-07-26 18:37:58,768 [Worker-55: Building workspace] INFO  o.e.m.c.i.e.AbstractTransferListenerAdapter - Downloading https://repo.maven.apache.org/maven2/com/fasterxml/jackson/core/jackson-core/2.9.3/jackson-core-2.9.3.jar
2019-07-26 18:37:59,509 [Worker-55: Building workspace] INFO  o.e.m.c.i.e.AbstractTransferListenerAdapter - Downloaded https://repo.maven.apache.org/maven2/com/fasterxml/jackson/core/jackson-core/2.9.3/jackson-core-2.9.3.jar
2019-07-26 18:37:59,554 [Worker-55: Building workspace] INFO  o.e.m.c.i.e.AbstractTransferListenerAdapter - Downloading https://repo.maven.apache.org/maven2/com/fasterxml/jackson/core/jackson-databind/2.9.3/jackson-databind-2.9.3.jar
2019-07-26 18:38:00,121 [Worker-55: Building workspace] INFO  o.e.m.c.i.e.AbstractTransferListenerAdapter - Downloaded https://repo.maven.apache.org/maven2/com/fasterxml/jackson/core/jackson-databind/2.9.3/jackson-databind-2.9.3.jar
2019-07-26 18:38:05,688 [Worker-62: Download sources and javadoc] INFO  o.e.m.c.i.e.AbstractTransferListenerAdapter - Downloading https://repo.maven.apache.org/maven2/io/vertx/vertx-core/3.5.1/vertx-core-3.5.1-sources.jar
2019-07-26 18:38:06,003 [Worker-62: Download sources and javadoc] INFO  o.e.m.c.i.e.AbstractTransferListenerAdapter - Downloaded https://repo.maven.apache.org/maven2/io/vertx/vertx-core/3.5.1/vertx-core-3.5.1-sources.jar
2019-07-26 18:38:06,299 [Worker-62: Download sources and javadoc] INFO  o.e.m.j.internal.DownloadSourcesJob - Downloaded sources for io.vertx:vertx-core:3.5.1
2019-07-26 18:38:06,344 [Worker-62: Download sources and javadoc] INFO  o.e.m.c.i.e.AbstractTransferListenerAdapter - Downloading https://repo.maven.apache.org/maven2/io/netty/netty-common/4.1.19.Final/netty-common-4.1.19.Final-sources.jar
2019-07-26 18:38:06,464 [Worker-62: Download sources and javadoc] INFO  o.e.m.c.i.e.AbstractTransferListenerAdapter - Downloaded https://repo.maven.apache.org/maven2/io/netty/netty-common/4.1.19.Final/netty-common-4.1.19.Final-sources.jar
2019-07-26 18:38:06,656 [Worker-62: Download sources and javadoc] INFO  o.e.m.j.internal.DownloadSourcesJob - Downloaded sources for io.netty:netty-common:4.1.19.Final
2019-07-26 18:38:06,688 [Worker-62: Download sources and javadoc] INFO  o.e.m.c.i.e.AbstractTransferListenerAdapter - Downloading https://repo.maven.apache.org/maven2/io/netty/netty-buffer/4.1.19.Final/netty-buffer-4.1.19.Final-sources.jar
2019-07-26 18:38:06,803 [Worker-62: Download sources and javadoc] INFO  o.e.m.c.i.e.AbstractTransferListenerAdapter - Downloaded https://repo.maven.apache.org/maven2/io/netty/netty-buffer/4.1.19.Final/netty-buffer-4.1.19.Final-sources.jar
2019-07-26 18:38:06,965 [Worker-62: Download sources and javadoc] INFO  o.e.m.j.internal.DownloadSourcesJob - Downloaded sources for io.netty:netty-buffer:4.1.19.Final
2019-07-26 18:38:07,008 [Worker-62: Download sources and javadoc] INFO  o.e.m.c.i.e.AbstractTransferListenerAdapter - Downloading https://repo.maven.apache.org/maven2/io/netty/netty-transport/4.1.19.Final/netty-transport-4.1.19.Final-sources.jar
2019-07-26 18:38:07,187 [Worker-62: Download sources and javadoc] INFO  o.e.m.c.i.e.AbstractTransferListenerAdapter - Downloaded https://repo.maven.apache.org/maven2/io/netty/netty-transport/4.1.19.Final/netty-transport-4.1.19.Final-sources.jar
2019-07-26 18:38:07,356 [Worker-62: Download sources and javadoc] INFO  o.e.m.j.internal.DownloadSourcesJob - Downloaded sources for io.netty:netty-transport:4.1.19.Final
2019-07-26 18:38:07,435 [Worker-55: Building workspace] INFO  o.e.m.c.i.embedder.EclipseLogger - Using 'UTF-8' encoding to copy filtered resources.
2019-07-26 18:38:07,443 [Worker-62: Download sources and javadoc] INFO  o.e.m.c.i.e.AbstractTransferListenerAdapter - Downloading https://repo.maven.apache.org/maven2/io/netty/netty-handler/4.1.19.Final/netty-handler-4.1.19.Final-sources.jar
2019-07-26 18:38:07,444 [Worker-55: Building workspace] INFO  o.e.m.c.i.embedder.EclipseLogger - skip non existing resourceDirectory C:\Users\OML00\Documents\vert.x\firstmaven\src\main\resources
2019-07-26 18:38:07,456 [Worker-55: Building workspace] INFO  o.e.m.c.i.embedder.EclipseLogger - Using 'UTF-8' encoding to copy filtered resources.
2019-07-26 18:38:07,456 [Worker-55: Building workspace] INFO  o.e.m.c.i.embedder.EclipseLogger - skip non existing resourceDirectory C:\Users\OML00\Documents\vert.x\firstmaven\src\test\resources
2019-07-26 18:38:07,578 [Worker-62: Download sources and javadoc] INFO  o.e.m.c.i.e.AbstractTransferListenerAdapter - Downloaded https://repo.maven.apache.org/maven2/io/netty/netty-handler/4.1.19.Final/netty-handler-4.1.19.Final-sources.jar
2019-07-26 18:38:07,897 [Worker-62: Download sources and javadoc] INFO  o.e.m.j.internal.DownloadSourcesJob - Downloaded sources for io.netty:netty-handler:4.1.19.Final
2019-07-26 18:38:07,940 [Worker-62: Download sources and javadoc] INFO  o.e.m.c.i.e.AbstractTransferListenerAdapter - Downloading https://repo.maven.apache.org/maven2/io/netty/netty-codec/4.1.19.Final/netty-codec-4.1.19.Final-sources.jar
2019-07-26 18:38:08,098 [Worker-62: Download sources and javadoc] INFO  o.e.m.c.i.e.AbstractTransferListenerAdapter - Downloaded https://repo.maven.apache.org/maven2/io/netty/netty-codec/4.1.19.Final/netty-codec-4.1.19.Final-sources.jar
2019-07-26 18:38:08,431 [Worker-62: Download sources and javadoc] INFO  o.e.m.j.internal.DownloadSourcesJob - Downloaded sources for io.netty:netty-codec:4.1.19.Final
2019-07-26 18:38:08,459 [Worker-62: Download sources and javadoc] INFO  o.e.m.c.i.e.AbstractTransferListenerAdapter - Downloading https://repo.maven.apache.org/maven2/io/netty/netty-handler-proxy/4.1.19.Final/netty-handler-proxy-4.1.19.Final-sources.jar
2019-07-26 18:38:08,674 [Worker-62: Download sources and javadoc] INFO  o.e.m.c.i.e.AbstractTransferListenerAdapter - Downloaded https://repo.maven.apache.org/maven2/io/netty/netty-handler-proxy/4.1.19.Final/netty-handler-proxy-4.1.19.Final-sources.jar
2019-07-26 18:38:08,893 [Worker-62: Download sources and javadoc] INFO  o.e.m.j.internal.DownloadSourcesJob - Downloaded sources for io.netty:netty-handler-proxy:4.1.19.Final
2019-07-26 18:38:08,926 [Worker-62: Download sources and javadoc] INFO  o.e.m.c.i.e.AbstractTransferListenerAdapter - Downloading https://repo.maven.apache.org/maven2/io/netty/netty-codec-socks/4.1.19.Final/netty-codec-socks-4.1.19.Final-sources.jar
2019-07-26 18:38:09,032 [Worker-62: Download sources and javadoc] INFO  o.e.m.c.i.e.AbstractTransferListenerAdapter - Downloaded https://repo.maven.apache.org/maven2/io/netty/netty-codec-socks/4.1.19.Final/netty-codec-socks-4.1.19.Final-sources.jar
2019-07-26 18:38:09,295 [Worker-62: Download sources and javadoc] INFO  o.e.m.j.internal.DownloadSourcesJob - Downloaded sources for io.netty:netty-codec-socks:4.1.19.Final
2019-07-26 18:38:09,334 [Worker-62: Download sources and javadoc] INFO  o.e.m.c.i.e.AbstractTransferListenerAdapter - Downloading https://repo.maven.apache.org/maven2/io/netty/netty-codec-http/4.1.19.Final/netty-codec-http-4.1.19.Final-sources.jar
2019-07-26 18:38:09,514 [Worker-62: Download sources and javadoc] INFO  o.e.m.c.i.e.AbstractTransferListenerAdapter - Downloaded https://repo.maven.apache.org/maven2/io/netty/netty-codec-http/4.1.19.Final/netty-codec-http-4.1.19.Final-sources.jar
2019-07-26 18:38:09,718 [Worker-62: Download sources and javadoc] INFO  o.e.m.j.internal.DownloadSourcesJob - Downloaded sources for io.netty:netty-codec-http:4.1.19.Final
2019-07-26 18:38:09,766 [Worker-62: Download sources and javadoc] INFO  o.e.m.c.i.e.AbstractTransferListenerAdapter - Downloading https://repo.maven.apache.org/maven2/io/netty/netty-codec-http2/4.1.19.Final/netty-codec-http2-4.1.19.Final-sources.jar
2019-07-26 18:38:09,894 [Worker-62: Download sources and javadoc] INFO  o.e.m.c.i.e.AbstractTransferListenerAdapter - Downloaded https://repo.maven.apache.org/maven2/io/netty/netty-codec-http2/4.1.19.Final/netty-codec-http2-4.1.19.Final-sources.jar
2019-07-26 18:38:10,156 [Worker-62: Download sources and javadoc] INFO  o.e.m.j.internal.DownloadSourcesJob - Downloaded sources for io.netty:netty-codec-http2:4.1.19.Final
2019-07-26 18:38:10,185 [Worker-62: Download sources and javadoc] INFO  o.e.m.c.i.e.AbstractTransferListenerAdapter - Downloading https://repo.maven.apache.org/maven2/io/netty/netty-resolver/4.1.19.Final/netty-resolver-4.1.19.Final-sources.jar
2019-07-26 18:38:10,411 [Worker-62: Download sources and javadoc] INFO  o.e.m.c.i.e.AbstractTransferListenerAdapter - Downloaded https://repo.maven.apache.org/maven2/io/netty/netty-resolver/4.1.19.Final/netty-resolver-4.1.19.Final-sources.jar
2019-07-26 18:38:10,609 [Worker-62: Download sources and javadoc] INFO  o.e.m.j.internal.DownloadSourcesJob - Downloaded sources for io.netty:netty-resolver:4.1.19.Final
2019-07-26 18:38:10,638 [Worker-62: Download sources and javadoc] INFO  o.e.m.c.i.e.AbstractTransferListenerAdapter - Downloading https://repo.maven.apache.org/maven2/io/netty/netty-resolver-dns/4.1.19.Final/netty-resolver-dns-4.1.19.Final-sources.jar
2019-07-26 18:38:10,732 [Worker-62: Download sources and javadoc] INFO  o.e.m.c.i.e.AbstractTransferListenerAdapter - Downloaded https://repo.maven.apache.org/maven2/io/netty/netty-resolver-dns/4.1.19.Final/netty-resolver-dns-4.1.19.Final-sources.jar
2019-07-26 18:38:11,004 [Worker-55: Building workspace] INFO  o.e.m.c.i.embedder.EclipseLogger - Using 'UTF-8' encoding to copy filtered resources.
2019-07-26 18:38:11,004 [Worker-55: Building workspace] INFO  o.e.m.c.i.embedder.EclipseLogger - skip non existing resourceDirectory C:\Users\OML00\Documents\vert.x\firstmaven\src\main\resources
2019-07-26 18:38:11,005 [Worker-55: Building workspace] INFO  o.e.m.c.i.embedder.EclipseLogger - Using 'UTF-8' encoding to copy filtered resources.
2019-07-26 18:38:11,005 [Worker-55: Building workspace] INFO  o.e.m.c.i.embedder.EclipseLogger - skip non existing resourceDirectory C:\Users\OML00\Documents\vert.x\firstmaven\src\test\resources
2019-07-26 18:38:11,036 [Worker-62: Download sources and javadoc] INFO  o.e.m.j.internal.DownloadSourcesJob - Downloaded sources for io.netty:netty-resolver-dns:4.1.19.Final
2019-07-26 18:38:11,060 [Worker-62: Download sources and javadoc] INFO  o.e.m.c.i.e.AbstractTransferListenerAdapter - Downloading https://repo.maven.apache.org/maven2/io/netty/netty-codec-dns/4.1.19.Final/netty-codec-dns-4.1.19.Final-sources.jar
2019-07-26 18:38:11,144 [Worker-62: Download sources and javadoc] INFO  o.e.m.c.i.e.AbstractTransferListenerAdapter - Downloaded https://repo.maven.apache.org/maven2/io/netty/netty-codec-dns/4.1.19.Final/netty-codec-dns-4.1.19.Final-sources.jar
2019-07-26 18:38:11,378 [Worker-62: Download sources and javadoc] INFO  o.e.m.j.internal.DownloadSourcesJob - Downloaded sources for io.netty:netty-codec-dns:4.1.19.Final
2019-07-26 18:38:11,421 [Worker-62: Download sources and javadoc] INFO  o.e.m.c.i.e.AbstractTransferListenerAdapter - Downloading https://repo.maven.apache.org/maven2/com/fasterxml/jackson/core/jackson-core/2.9.3/jackson-core-2.9.3-sources.jar
2019-07-26 18:38:11,601 [Worker-62: Download sources and javadoc] INFO  o.e.m.c.i.e.AbstractTransferListenerAdapter - Downloaded https://repo.maven.apache.org/maven2/com/fasterxml/jackson/core/jackson-core/2.9.3/jackson-core-2.9.3-sources.jar
2019-07-26 18:38:11,793 [Worker-62: Download sources and javadoc] INFO  o.e.m.j.internal.DownloadSourcesJob - Downloaded sources for com.fasterxml.jackson.core:jackson-core:2.9.3
2019-07-26 18:38:11,816 [Worker-62: Download sources and javadoc] INFO  o.e.m.c.i.e.AbstractTransferListenerAdapter - Downloading https://repo.maven.apache.org/maven2/com/fasterxml/jackson/core/jackson-databind/2.9.3/jackson-databind-2.9.3-sources.jar
2019-07-26 18:38:12,148 [Worker-62: Download sources and javadoc] INFO  o.e.m.c.i.e.AbstractTransferListenerAdapter - Downloaded https://repo.maven.apache.org/maven2/com/fasterxml/jackson/core/jackson-databind/2.9.3/jackson-databind-2.9.3-sources.jar
2019-07-26 18:38:12,352 [Worker-62: Download sources and javadoc] INFO  o.e.m.j.internal.DownloadSourcesJob - Downloaded sources for com.fasterxml.jackson.core:jackson-databind:2.9.3
2019-07-26 18:38:12,707 [Worker-62: Building workspace] INFO  o.e.m.c.i.embedder.EclipseLogger - Using 'UTF-8' encoding to copy filtered resources.
2019-07-26 18:38:12,708 [Worker-62: Building workspace] INFO  o.e.m.c.i.embedder.EclipseLogger - skip non existing resourceDirectory C:\Users\OML00\Documents\vert.x\firstmaven\src\main\resources
2019-07-26 18:38:12,715 [Worker-62: Building workspace] INFO  o.e.m.c.i.embedder.EclipseLogger - Using 'UTF-8' encoding to copy filtered resources.
2019-07-26 18:38:12,722 [Worker-62: Building workspace] INFO  o.e.m.c.i.embedder.EclipseLogger - skip non existing resourceDirectory C:\Users\OML00\Documents\vert.x\firstmaven\src\test\resources
2019-07-26 18:38:47,845 [Worker-63: Updating Maven Project] INFO  o.e.m.c.i.p.ProjectConfigurationManager - Update started
2019-07-26 18:38:49,006 [Worker-63: Updating Maven Project] INFO  o.e.m.c.i.l.LifecycleMappingFactory - Using org.eclipse.m2e.jdt.JarLifecycleMapping lifecycle mapping for MavenProject: VertxClass:firstmaven:0.0.1-SNAPSHOT @ C:\Users\OML00\Documents\vert.x\firstmaven\pom.xml.
2019-07-26 18:38:50,047 [Worker-63: Updating Maven Project] INFO  o.e.m.j.i.AbstractJavaProjectConfigurator - Adding source folder /firstmaven/src/main/java
2019-07-26 18:38:50,056 [Worker-63: Updating Maven Project] INFO  o.e.m.j.i.AbstractJavaProjectConfigurator - Adding source folder /firstmaven/src/test/java
2019-07-26 18:38:50,125 [Worker-63: Updating Maven Project] INFO  n.t.m.s.i.ProjectSettingsConfigurator - Could not set eclipse settings, consider org.apache.maven.plugins:maven-eclipse-plugin!
2019-07-26 18:38:50,199 [Worker-63: Updating Maven Project] INFO  o.e.m.c.i.p.ProjectConfigurationManager - Update completed: 2 sec
2019-07-26 18:38:50,487 [Worker-62: Building workspace] INFO  o.e.m.c.i.embedder.EclipseLogger - Using 'UTF-8' encoding to copy filtered resources.
2019-07-26 18:38:50,487 [Worker-62: Building workspace] INFO  o.e.m.c.i.embedder.EclipseLogger - skip non existing resourceDirectory C:\Users\OML00\Documents\vert.x\firstmaven\src\main\resources
2019-07-26 18:38:50,497 [Worker-62: Building workspace] INFO  o.e.m.c.i.embedder.EclipseLogger - Using 'UTF-8' encoding to copy filtered resources.
2019-07-26 18:38:50,498 [Worker-62: Building workspace] INFO  o.e.m.c.i.embedder.EclipseLogger - skip non existing resourceDirectory C:\Users\OML00\Documents\vert.x\firstmaven\src\test\resources
2019-07-26 18:41:36,454 [Worker-59: Updating Maven Project] INFO  o.e.m.c.i.p.ProjectConfigurationManager - Update started
2019-07-26 18:41:37,312 [Worker-59: Updating Maven Project] INFO  o.e.m.c.i.l.LifecycleMappingFactory - Using org.eclipse.m2e.jdt.JarLifecycleMapping lifecycle mapping for MavenProject: VertxClass:firstmaven:0.0.1-SNAPSHOT @ C:\Users\OML00\Documents\vert.x\firstmaven\pom.xml.
2019-07-26 18:41:38,527 [Worker-59: Updating Maven Project] INFO  o.e.m.j.i.AbstractJavaProjectConfigurator - Adding source folder /firstmaven/src/main/java
2019-07-26 18:41:38,528 [Worker-59: Updating Maven Project] INFO  o.e.m.j.i.AbstractJavaProjectConfigurator - Adding source folder /firstmaven/src/test/java
2019-07-26 18:41:38,615 [Worker-59: Updating Maven Project] INFO  n.t.m.s.i.ProjectSettingsConfigurator - Could not set eclipse settings, consider org.apache.maven.plugins:maven-eclipse-plugin!
2019-07-26 18:41:38,716 [Worker-59: Updating Maven Project] INFO  o.e.m.c.i.p.ProjectConfigurationManager - Update completed: 2 sec
2019-07-26 18:41:39,159 [Worker-64: Building workspace] INFO  o.e.m.c.i.embedder.EclipseLogger - Using 'UTF-8' encoding to copy filtered resources.
2019-07-26 18:41:39,160 [Worker-64: Building workspace] INFO  o.e.m.c.i.embedder.EclipseLogger - skip non existing resourceDirectory C:\Users\OML00\Documents\vert.x\firstmaven\src\main\resources
2019-07-26 18:41:39,169 [Worker-64: Building workspace] INFO  o.e.m.c.i.embedder.EclipseLogger - Using 'UTF-8' encoding to copy filtered resources.
2019-07-26 18:41:39,169 [Worker-64: Building workspace] INFO  o.e.m.c.i.embedder.EclipseLogger - skip non existing resourceDirectory C:\Users\OML00\Documents\vert.x\firstmaven\src\test\resources
2019-07-26 20:49:19,972 [Worker-70: Building workspace] INFO  o.e.m.c.i.embedder.EclipseLogger - Using 'UTF-8' encoding to copy filtered resources.
2019-07-26 20:49:19,973 [Worker-70: Building workspace] INFO  o.e.m.c.i.embedder.EclipseLogger - skip non existing resourceDirectory C:\Users\OML00\Documents\vert.x\firstmaven\src\main\resources
2019-07-26 20:49:19,983 [Worker-70: Building workspace] INFO  o.e.m.c.i.embedder.EclipseLogger - Using 'UTF-8' encoding to copy filtered resources.
2019-07-26 20:49:19,991 [Worker-70: Building workspace] INFO  o.e.m.c.i.embedder.EclipseLogger - skip non existing resourceDirectory C:\Users\OML00\Documents\vert.x\firstmaven\src\test\resources
2019-07-26 20:49:32,509 [Worker-75: Launching App] INFO  o.e.m.c.i.l.LifecycleMappingFactory - Using org.eclipse.m2e.jdt.JarLifecycleMapping lifecycle mapping for MavenProject: VertxClass:firstmaven:0.0.1-SNAPSHOT @ C:\Users\OML00\Documents\vert.x\firstmaven\pom.xml.
2019-07-26 20:49:33,816 [Worker-75: Launching App] INFO  o.e.m.c.i.embedder.EclipseLogger - Using 'UTF-8' encoding to copy filtered resources.
2019-07-26 20:49:33,823 [Worker-75: Launching App] INFO  o.e.m.c.i.embedder.EclipseLogger - skip non existing resourceDirectory C:\Users\OML00\Documents\vert.x\firstmaven\src\main\resources
2019-07-26 20:49:33,831 [Worker-75: Launching App] INFO  o.e.m.c.i.embedder.EclipseLogger - Using 'UTF-8' encoding to copy filtered resources.
2019-07-26 20:49:33,839 [Worker-75: Launching App] INFO  o.e.m.c.i.embedder.EclipseLogger - skip non existing resourceDirectory C:\Users\OML00\Documents\vert.x\firstmaven\src\test\resources
